## Срезы и приращения показателей статистик и событий ожидания экземпляра
![](http://www.ourorbits.org/orsimon/img/screenshots.v.2.x/inst_events_01.gif)
![](http://www.ourorbits.org/orsimon/img/screenshots.v.2.x/inst_events_02.gif)
![](http://www.ourorbits.org/orsimon/img/screenshots.v.2.x/inst_stats_01.gif)
![](http://www.ourorbits.org/orsimon/img/screenshots.v.2.x/inst_stats_02.gif)

## Аналитика статистик экземпляра (сводная форма 10 отчётов) и  событий ожидания экземпляра
![](http://www.ourorbits.org/orsimon/img/screenshots.v.2.x/inst_stats_03.gif)
![](http://www.ourorbits.org/orsimon/img/screenshots.v.2.x/inst_stats_04.gif)
![](http://www.ourorbits.org/orsimon/img/screenshots.v.2.x/inst_stats_05.gif)
![](http://www.ourorbits.org/orsimon/img/screenshots.v.2.x/inst_stats_06.gif)
![](http://www.ourorbits.org/orsimon/img/screenshots.v.2.x/inst_stats_07.gif)
![](http://www.ourorbits.org/orsimon/img/screenshots.v.2.x/inst_stats_08.gif)
![](http://www.ourorbits.org/orsimon/img/screenshots.v.2.x/inst_stats_09.gif)
![](http://www.ourorbits.org/orsimon/img/screenshots.v.2.x/inst_events_03.gif)

## Статистики, дельты и аналитика SQL запросов
![](http://www.ourorbits.org/orsimon/img/screenshots.v.2.x/sql_01.gif)
![](http://www.ourorbits.org/orsimon/img/screenshots.v.2.x/sql_02.gif)
![](http://www.ourorbits.org/orsimon/img/screenshots.v.2.x/sql_03.gif)
![](http://www.ourorbits.org/orsimon/img/screenshots.v.2.x/sql_04.gif)
![](http://www.ourorbits.org/orsimon/img/screenshots.v.2.x/sql_05.gif)
![](http://www.ourorbits.org/orsimon/img/screenshots.v.2.x/sql_06.gif)
![](http://www.ourorbits.org/orsimon/img/screenshots.v.2.x/sql_07.gif)

## Общие сведения об экземпляре, БД, контрольных файлах и стартовых параметрах
![](http://www.ourorbits.org/orsimon/img/screenshots.v.2.x/common_01.gif)
![](http://www.ourorbits.org/orsimon/img/screenshots.v.2.x/common_02.gif)
![](http://www.ourorbits.org/orsimon/img/screenshots.v.2.x/common_03.gif)
![](http://www.ourorbits.org/orsimon/img/screenshots.v.2.x/common_04.gif)
![](http://www.ourorbits.org/orsimon/img/screenshots.v.2.x/common_05.gif)
![](http://www.ourorbits.org/orsimon/img/screenshots.v.2.x/common_06.gif)

## Табличные пространства, файлы и сегменты
![](http://www.ourorbits.org/orsimon/img/screenshots.v.2.x/tbs_01.gif)
![](http://www.ourorbits.org/orsimon/img/screenshots.v.2.x/tbs_02.gif)
![](http://www.ourorbits.org/orsimon/img/screenshots.v.2.x/tbs_03.gif)
![](http://www.ourorbits.org/orsimon/img/screenshots.v.2.x/tbs_04.gif)
![](http://www.ourorbits.org/orsimon/img/screenshots.v.2.x/files_01.gif)
![](http://www.ourorbits.org/orsimon/img/screenshots.v.2.x/files_02.gif)
![](http://www.ourorbits.org/orsimon/img/screenshots.v.2.x/files_03.gif)
![](http://www.ourorbits.org/orsimon/img/screenshots.v.2.x/segments_01.gif)
![](http://www.ourorbits.org/orsimon/img/screenshots.v.2.x/segments_02.gif)
![](http://www.ourorbits.org/orsimon/img/screenshots.v.2.x/segments_03.gif)

## Оперативные и архивные журналы, пространства UNDO и временные TBS
![](http://www.ourorbits.org/orsimon/img/screenshots.v.2.x/redo_01.gif)
![](http://www.ourorbits.org/orsimon/img/screenshots.v.2.x/redo_02.gif)
![](http://www.ourorbits.org/orsimon/img/screenshots.v.2.x/redo_03.gif)
![](http://www.ourorbits.org/orsimon/img/screenshots.v.2.x/archivelogs_01.gif)
![](http://www.ourorbits.org/orsimon/img/screenshots.v.2.x/archivelogs_02.gif)
![](http://www.ourorbits.org/orsimon/img/screenshots.v.2.x/archivelogs_03.gif)
![](http://www.ourorbits.org/orsimon/img/screenshots.v.2.x/archivelogs_04.gif)
![](http://www.ourorbits.org/orsimon/img/screenshots.v.2.x/temp_01.gif)
![](http://www.ourorbits.org/orsimon/img/screenshots.v.2.x/temp_02.gif)
![](http://www.ourorbits.org/orsimon/img/screenshots.v.2.x/undo_01.gif)
![](http://www.ourorbits.org/orsimon/img/screenshots.v.2.x/undo_02.gif)

## Пользователи, профили, роли и привелегии
![](http://www.ourorbits.org/orsimon/img/screenshots.v.2.x/users_profiles_01.gif)
![](http://www.ourorbits.org/orsimon/img/screenshots.v.2.x/users_profiles_02.gif)
![](http://www.ourorbits.org/orsimon/img/screenshots.v.2.x/roles_privs_01.gif)
![](http://www.ourorbits.org/orsimon/img/screenshots.v.2.x/roles_privs_02.gif)
![](http://www.ourorbits.org/orsimon/img/screenshots.v.2.x/roles_privs_03.gif)
![](http://www.ourorbits.org/orsimon/img/screenshots.v.2.x/roles_privs_04.gif)

## Объекты
![](http://www.ourorbits.org/orsimon/img/screenshots.v.2.x/objects_01.gif)
![](http://www.ourorbits.org/orsimon/img/screenshots.v.2.x/objects_02.gif)
![](http://www.ourorbits.org/orsimon/img/screenshots.v.2.x/objects_03.gif)
![](http://www.ourorbits.org/orsimon/img/screenshots.v.2.x/objects_04.gif)
![](http://www.ourorbits.org/orsimon/img/screenshots.v.2.x/objects_05.gif)
![](http://www.ourorbits.org/orsimon/img/screenshots.v.2.x/objects_06.gif)
![](http://www.ourorbits.org/orsimon/img/screenshots.v.2.x/objects_07.gif)
![](http://www.ourorbits.org/orsimon/img/screenshots.v.2.x/objects_08.gif)

## Сессии (список, статистики, события, ожидания) и блокировки
![](http://www.ourorbits.org/orsimon/img/screenshots.v.2.x/session_01.gif)
![](http://www.ourorbits.org/orsimon/img/screenshots.v.2.x/session_02.gif)
![](http://www.ourorbits.org/orsimon/img/screenshots.v.2.x/session_03.gif)
![](http://www.ourorbits.org/orsimon/img/screenshots.v.2.x/session_04.gif)
![](http://www.ourorbits.org/orsimon/img/screenshots.v.2.x/blocks_queues_01.gif)
![](http://www.ourorbits.org/orsimon/img/screenshots.v.2.x/blocks_queues_02.gif)
![](http://www.ourorbits.org/orsimon/img/screenshots.v.2.x/blocks_queues_03.gif)
![](http://www.ourorbits.org/orsimon/img/screenshots.v.2.x/blocks_queues_04.gif)
![](http://www.ourorbits.org/orsimon/img/screenshots.v.2.x/blocks_queues_05.gif)

## Память SGA
![](http://www.ourorbits.org/orsimon/img/screenshots.v.2.x/sga_01.gif)
![](http://www.ourorbits.org/orsimon/img/screenshots.v.2.x/sga_02.gif)
![](http://www.ourorbits.org/orsimon/img/screenshots.v.2.x/sga_03.gif)
![](http://www.ourorbits.org/orsimon/img/screenshots.v.2.x/sga_04.gif)
![](http://www.ourorbits.org/orsimon/img/screenshots.v.2.x/sga_05.gif)
![](http://www.ourorbits.org/orsimon/img/screenshots.v.2.x/sga_06.gif)
![](http://www.ourorbits.org/orsimon/img/screenshots.v.2.x/sga_07.gif)
![](http://www.ourorbits.org/orsimon/img/screenshots.v.2.x/sga_08.gif)
![](http://www.ourorbits.org/orsimon/img/screenshots.v.2.x/sga_09.gif)

## Память PGA
![](http://www.ourorbits.org/orsimon/img/screenshots.v.2.x/pga_01.gif)
![](http://www.ourorbits.org/orsimon/img/screenshots.v.2.x/pga_02.gif)
![](http://www.ourorbits.org/orsimon/img/screenshots.v.2.x/pga_03.gif)
![](http://www.ourorbits.org/orsimon/img/screenshots.v.2.x/pga_04.gif)
![](http://www.ourorbits.org/orsimon/img/screenshots.v.2.x/pga_05.gif)
![](http://www.ourorbits.org/orsimon/img/screenshots.v.2.x/pga_06.gif)
![](http://www.ourorbits.org/orsimon/img/screenshots.v.2.x/pga_07.gif)
![](http://www.ourorbits.org/orsimon/img/screenshots.v.2.x/pga_08.gif)
![](http://www.ourorbits.org/orsimon/img/screenshots.v.2.x/pga_09.gif)
![](http://www.ourorbits.org/orsimon/img/screenshots.v.2.x/pga_10.gif)
![](http://www.ourorbits.org/orsimon/img/screenshots.v.2.x/pga_11.gif)

## Визуализация AWR/ASH
![](http://www.ourorbits.org/orsimon/img/screenshots.v.2.x/awr_dbstatus_01.jpg)
![](http://www.ourorbits.org/orsimon/img/screenshots.v.2.x/awr_sql_info_plans_02.jpg)
![](http://www.ourorbits.org/orsimon/img/screenshots.v.2.x/awr_session_common_03.jpg)
![](http://www.ourorbits.org/orsimon/img/screenshots.v.2.x/awr_session_top_sql_04.jpg)
![](http://www.ourorbits.org/orsimon/img/screenshots.v.2.x/awr_session_waits_05.jpg)
![](http://www.ourorbits.org/orsimon/img/screenshots.v.2.x/awr_session_statistics_06.jpg)
![](http://www.ourorbits.org/orsimon/img/screenshots.v.2.x/awr_one_report_07.jpg)
![](http://www.ourorbits.org/orsimon/img/screenshots.v.2.x/awr_sql_per_session_02_2.png)
![](http://www.ourorbits.org/orsimon/img/screenshots.v.2.x/awr_dash_board_08.png)

## Статистики операционной системы (модуль StatOS)
![](http://www.ourorbits.org/cosiculs/screenshots/v.1.7.cntxtswitch_1.gif)
![](http://www.ourorbits.org/cosiculs/screenshots/v.1.7.cpu_1.gif)
![](http://www.ourorbits.org/cosiculs/screenshots/v.1.7.cpu_2.gif)
![](http://www.ourorbits.org/cosiculs/screenshots/v.1.7.createproc_1.gif)
![](http://www.ourorbits.org/cosiculs/screenshots/v.1.7.devio_1.gif)
![](http://www.ourorbits.org/cosiculs/screenshots/v.1.7.devio_2.gif)
![](http://www.ourorbits.org/cosiculs/screenshots/v.1.7.disksstat_1.gif)
![](http://www.ourorbits.org/cosiculs/screenshots/v.1.7.memspeed_1.gif)
![](http://www.ourorbits.org/cosiculs/screenshots/v.1.7.memswap_1.gif)
![](http://www.ourorbits.org/cosiculs/screenshots/v.1.7.net_1.gif)
![](http://www.ourorbits.org/cosiculs/screenshots/v.1.7.net_2.gif)
![](http://www.ourorbits.org/cosiculs/screenshots/v.1.7.pageio_1.gif)
![](http://www.ourorbits.org/cosiculs/screenshots/v.1.7.runqeue_1.gif)
![](http://www.ourorbits.org/cosiculs/screenshots/v.1.7.swapspeed_1.gif)

